The system default contains no modules
  (env var: LMOD_SYSTEM_DEFAULT_MODULES is empty)
  No changes in loaded modules

Traceback (most recent call last):
  File "/bgfs/isenocak/qih56/capu/github_repo/6_inv_uns_heat_err5%/main.py", line 17, in <module>
    main()
  File "/bgfs/isenocak/qih56/capu/github_repo/6_inv_uns_heat_err5%/main.py", line 13, in main
    trainer.run()
  File "/bgfs/isenocak/qih56/capu/github_repo/6_inv_uns_heat_err5%/core/trainer.py", line 159, in run
    contour_prediction(model, self.cfg, trial, self.device)
  File "/bgfs/isenocak/qih56/capu/github_repo/6_inv_uns_heat_err5%/viz/viz.py", line 87, in contour_prediction
    x_t_u_up = np.loadtxt( os.path.join(cfg.out_dir, f"{methodname}_{trial}_x_t_u_upred_f_fpred.dat") )
               ^^^^^^^^^^^^^^^^^^^^^^^^^^^^^^^^^^^^^^^^^^^^^^^^^^^^^^^^^^^^^^^^^^^^^^^^^^^^^^^^^^^^^^^^
  File "/ihome/isenocak/qih56/venvs/torch312/lib/python3.12/site-packages/numpy/lib/_npyio_impl.py", line 1397, in loadtxt
    arr = _read(fname, dtype=dtype, comment=comment, delimiter=delimiter,
          ^^^^^^^^^^^^^^^^^^^^^^^^^^^^^^^^^^^^^^^^^^^^^^^^^^^^^^^^^^^^^^^
  File "/ihome/isenocak/qih56/venvs/torch312/lib/python3.12/site-packages/numpy/lib/_npyio_impl.py", line 1012, in _read
    fh = np.lib._datasource.open(fname, 'rt', encoding=encoding)
         ^^^^^^^^^^^^^^^^^^^^^^^^^^^^^^^^^^^^^^^^^^^^^^^^^^^^^^^
  File "/ihome/isenocak/qih56/venvs/torch312/lib/python3.12/site-packages/numpy/lib/_datasource.py", line 192, in open
    return ds.open(path, mode, encoding=encoding, newline=newline)
           ^^^^^^^^^^^^^^^^^^^^^^^^^^^^^^^^^^^^^^^^^^^^^^^^^^^^^^^
  File "/ihome/isenocak/qih56/venvs/torch312/lib/python3.12/site-packages/numpy/lib/_datasource.py", line 529, in open
    raise FileNotFoundError(f"{path} not found.")
FileNotFoundError: logs/inv_uns_heat_nn1_40_1_x_t_u_upred_f_fpred.dat not found.
srun: error: gpu-n26: task 0: Exited with exit code 1
